Start testing: Mar 06 16:34 GMT ㊣那℅?那㊣??
----------------------------------------------------------
1/1 Testing: test1
1/1 Test: test1
Command: "D:/GitHub/2021_STUDENT20281089/WorkSheet/Worksheet-7/build/Debug/test1.exe"
Directory: D:/GitHub/2021_STUDENT20281089/WorkSheet/Worksheet-7/build
"test1" start time: Mar 06 16:34 GMT ㊣那℅?那㊣??
Output:
----------------------------------------------------------
<end of output>
Test time =   0.03 sec
----------------------------------------------------------
Test Passed.
"test1" end time: Mar 06 16:34 GMT ㊣那℅?那㊣??
"test1" time elapsed: 00:00:00
----------------------------------------------------------

End testing: Mar 06 16:34 GMT ㊣那℅?那㊣??
