Start testing: Mar 06 16:42 GMT ㊣那℅?那㊣??
----------------------------------------------------------
1/1 Testing: test1
1/1 Test: test1
Command: "D:/GitHub/2021_STUDENT20281089/WorkSheet/Worksheet-7/Test(0%pass_Version)/build/Debug/test1.exe"
Directory: D:/GitHub/2021_STUDENT20281089/WorkSheet/Worksheet-7/Test(0%pass_Version)/build
"test1" start time: Mar 06 16:42 GMT ㊣那℅?那㊣??
Output:
----------------------------------------------------------
<end of output>
Test time =   0.58 sec
----------------------------------------------------------
Test Failed.
"test1" end time: Mar 06 16:42 GMT ㊣那℅?那㊣??
"test1" time elapsed: 00:00:00
----------------------------------------------------------

End testing: Mar 06 16:42 GMT ㊣那℅?那㊣??
