Start testing: Jan 31 23:18 GMT ㊣那℅?那㊣??
----------------------------------------------------------
1/1 Testing: test1
1/1 Test: test1
Command: "A:/A_EEEE2046/myGithub/2021_STUDENT20281089/WorkSheet/Worksheet_6_E3/BUILD_1/Debug/test1.exe"
Directory: A:/A_EEEE2046/myGithub/2021_STUDENT20281089/WorkSheet/Worksheet_6_E3/BUILD_1
"test1" start time: Jan 31 23:18 GMT ㊣那℅?那㊣??
Output:
----------------------------------------------------------
<end of output>
Test time =   0.60 sec
----------------------------------------------------------
Test Failed.
"test1" end time: Jan 31 23:18 GMT ㊣那℅?那㊣??
"test1" time elapsed: 00:00:00
----------------------------------------------------------

End testing: Jan 31 23:18 GMT ㊣那℅?那㊣??
